<?xml version="1.0" encoding="UTF-8"?>
<!-- Generated by org.testng.reporters.JUnitReportReporter -->
<testsuite hostname="LTIN487042" failures="0" tests="2" name="practiceTestNG.ThirdTest" time="0.009" errors="0" timestamp="2024-03-18T13:52:35 IST" skipped="0">
  <testcase classname="practiceTestNG.ThirdTest" name="search" time="0.008"/>
  <testcase classname="practiceTestNG.ThirdTest" name="advSearch" time="0.001"/>
</testsuite> <!-- practiceTestNG.ThirdTest -->
