<?xml version="1.0" encoding="UTF-8"?>
<!-- Generated by org.testng.reporters.JUnitReportReporter -->
<testsuite hostname="LTIN487042" failures="0" tests="2" name="practiceTestNG.NewTest" time="0.002" errors="0" timestamp="2024-03-18T11:55:19 IST" skipped="0">
  <testcase classname="practiceTestNG.NewTest" name="fun2" time="0.001"/>
  <testcase classname="practiceTestNG.NewTest" name="fun1" time="0.001"/>
</testsuite> <!-- practiceTestNG.NewTest -->
